2021-09-08 03:48:41 INFO  GetToken:21 - Enpoint: /test/people
2021-09-08 03:48:44 DEBUG BasicClientConnectionManager:161 - Get connection for route {s}->https://5x9m5ed0tj.execute-api.us-east-1.amazonaws.com:443
2021-09-08 03:48:44 DEBUG DefaultClientConnectionOperator:177 - Connecting to 5x9m5ed0tj.execute-api.us-east-1.amazonaws.com:443
2021-09-08 03:48:44 DEBUG RequestAddCookies:123 - CookieSpec selected: ignoreCookies
2021-09-08 03:48:44 DEBUG RequestAuthCache:77 - Auth cache not set in the context
2021-09-08 03:48:44 DEBUG RequestProxyAuthentication:89 - Proxy auth state: UNCHALLENGED
2021-09-08 03:48:44 DEBUG DefaultHttpClient:682 - Attempt 1 to execute request
2021-09-08 03:48:44 DEBUG DefaultClientConnection:274 - Sending request: GET /test/people HTTP/1.1
2021-09-08 03:48:44 DEBUG wire:73 -  >> "GET /test/people HTTP/1.1[\r][\n]"
2021-09-08 03:48:44 DEBUG wire:73 -  >> "Content-Type: application/json; charset=UTF-8[\r][\n]"
2021-09-08 03:48:44 DEBUG wire:73 -  >> "Authorization: Bearer eyJraWQiOiJtNlhhM3FkczlxY2o2ODZYOVBRb0JqTEJSQU5yMzBPZ21ZQzdvdThZc1N3PSIsImFsZyI6IlJTMjU2In0.eyJzdWIiOiIxdTVpbzR2YTlzcjQ1bjc5ZmNlZzJkYW1qZiIsInRva2VuX3VzZSI6ImFjY2VzcyIsInNjb3BlIjoiaXphYW5fdGVzdFwvcG9zdF9pbmZvIiwiYXV0aF90aW1lIjoxNjMxMDkwOTIzLCJpc3MiOiJodHRwczpcL1wvY29nbml0by1pZHAudXMtZWFzdC0xLmFtYXpvbmF3cy5jb21cL3VzLWVhc3QtMV9ZN3k4cTVDMVoiLCJleHAiOjE2MzEwOTQ1MjMsImlhdCI6MTYzMTA5MDkyMywidmVyc2lvbiI6MiwianRpIjoiNGE5YzgyYzMtZDVhMC00N2VjLWE1Y2QtYjRiYzllMmJmZTg2IiwiY2xpZW50X2lkIjoiMXU1aW80dmE5c3I0NW43OWZjZWcyZGFtamYifQ.hgi5bbkroRS1AJJHlM7a8AssiMjSJBz2CzFSKGHLJhTjrGoHBvkrRAhlSozMOqwVp00S4WuLm7J2t0vpuHsoK3nr-QR8CT9NrJ-sCA3T_Q6ZIBnl3e-zZ-bo8aW5Edqn4kyFwFFtmbLks8n9XR96gyqr-i2XwUX_qaKjEAdUd4p6QWGg8z90HMSvNHtPptixaJDop5EZ27Dt4TvBhM0Y8TEuh71vGeCRUKPeUH4EIfG3mO0Tff7fp-gyySRVso80YknrXgPLG7IMNAmf_24RXIcmHNgL5qxfxXIaqdwXnbirdQTMJkyjM-Mauo30q7MC2Brw_BHwvZlSOZUzeSrRww[\r][\n]"
2021-09-08 03:48:44 DEBUG wire:73 -  >> "Accept: */*[\r][\n]"
2021-09-08 03:48:44 DEBUG wire:73 -  >> "Host: 5x9m5ed0tj.execute-api.us-east-1.amazonaws.com[\r][\n]"
2021-09-08 03:48:44 DEBUG wire:73 -  >> "Connection: Keep-Alive[\r][\n]"
2021-09-08 03:48:44 DEBUG wire:73 -  >> "User-Agent: Apache-HttpClient/4.5.3 (Java/1.8.0_302)[\r][\n]"
2021-09-08 03:48:44 DEBUG wire:73 -  >> "Accept-Encoding: gzip,deflate[\r][\n]"
2021-09-08 03:48:44 DEBUG wire:73 -  >> "[\r][\n]"
2021-09-08 03:48:44 DEBUG headers:278 - >> GET /test/people HTTP/1.1
2021-09-08 03:48:44 DEBUG headers:281 - >> Content-Type: application/json; charset=UTF-8
2021-09-08 03:48:44 DEBUG headers:281 - >> Authorization: Bearer eyJraWQiOiJtNlhhM3FkczlxY2o2ODZYOVBRb0JqTEJSQU5yMzBPZ21ZQzdvdThZc1N3PSIsImFsZyI6IlJTMjU2In0.eyJzdWIiOiIxdTVpbzR2YTlzcjQ1bjc5ZmNlZzJkYW1qZiIsInRva2VuX3VzZSI6ImFjY2VzcyIsInNjb3BlIjoiaXphYW5fdGVzdFwvcG9zdF9pbmZvIiwiYXV0aF90aW1lIjoxNjMxMDkwOTIzLCJpc3MiOiJodHRwczpcL1wvY29nbml0by1pZHAudXMtZWFzdC0xLmFtYXpvbmF3cy5jb21cL3VzLWVhc3QtMV9ZN3k4cTVDMVoiLCJleHAiOjE2MzEwOTQ1MjMsImlhdCI6MTYzMTA5MDkyMywidmVyc2lvbiI6MiwianRpIjoiNGE5YzgyYzMtZDVhMC00N2VjLWE1Y2QtYjRiYzllMmJmZTg2IiwiY2xpZW50X2lkIjoiMXU1aW80dmE5c3I0NW43OWZjZWcyZGFtamYifQ.hgi5bbkroRS1AJJHlM7a8AssiMjSJBz2CzFSKGHLJhTjrGoHBvkrRAhlSozMOqwVp00S4WuLm7J2t0vpuHsoK3nr-QR8CT9NrJ-sCA3T_Q6ZIBnl3e-zZ-bo8aW5Edqn4kyFwFFtmbLks8n9XR96gyqr-i2XwUX_qaKjEAdUd4p6QWGg8z90HMSvNHtPptixaJDop5EZ27Dt4TvBhM0Y8TEuh71vGeCRUKPeUH4EIfG3mO0Tff7fp-gyySRVso80YknrXgPLG7IMNAmf_24RXIcmHNgL5qxfxXIaqdwXnbirdQTMJkyjM-Mauo30q7MC2Brw_BHwvZlSOZUzeSrRww
2021-09-08 03:48:44 DEBUG headers:281 - >> Accept: */*
2021-09-08 03:48:44 DEBUG headers:281 - >> Host: 5x9m5ed0tj.execute-api.us-east-1.amazonaws.com
2021-09-08 03:48:44 DEBUG headers:281 - >> Connection: Keep-Alive
2021-09-08 03:48:44 DEBUG headers:281 - >> User-Agent: Apache-HttpClient/4.5.3 (Java/1.8.0_302)
2021-09-08 03:48:44 DEBUG headers:281 - >> Accept-Encoding: gzip,deflate
2021-09-08 03:48:44 DEBUG wire:73 -  << "HTTP/1.1 200 OK[\r][\n]"
2021-09-08 03:48:44 DEBUG wire:73 -  << "Date: Wed, 08 Sep 2021 08:48:45 GMT[\r][\n]"
2021-09-08 03:48:44 DEBUG wire:73 -  << "Content-Type: application/json[\r][\n]"
2021-09-08 03:48:44 DEBUG wire:73 -  << "Content-Length: 776[\r][\n]"
2021-09-08 03:48:44 DEBUG wire:73 -  << "Connection: keep-alive[\r][\n]"
2021-09-08 03:48:44 DEBUG wire:73 -  << "x-amzn-RequestId: 1cee3bcd-31cb-4dbe-b8ed-b6b1234512b3[\r][\n]"
2021-09-08 03:48:44 DEBUG wire:73 -  << "x-amz-apigw-id: FVfVHHqfoAMFWXg=[\r][\n]"
2021-09-08 03:48:44 DEBUG wire:73 -  << "X-Amzn-Trace-Id: Root=1-613878ed-2bff4d804fab35f52467e4db;Sampled=0[\r][\n]"
2021-09-08 03:48:44 DEBUG wire:73 -  << "[\r][\n]"
2021-09-08 03:48:44 DEBUG DefaultClientConnection:259 - Receiving response: HTTP/1.1 200 OK
2021-09-08 03:48:44 DEBUG headers:262 - << HTTP/1.1 200 OK
2021-09-08 03:48:44 DEBUG headers:265 - << Date: Wed, 08 Sep 2021 08:48:45 GMT
2021-09-08 03:48:44 DEBUG headers:265 - << Content-Type: application/json
2021-09-08 03:48:44 DEBUG headers:265 - << Content-Length: 776
2021-09-08 03:48:44 DEBUG headers:265 - << Connection: keep-alive
2021-09-08 03:48:44 DEBUG headers:265 - << x-amzn-RequestId: 1cee3bcd-31cb-4dbe-b8ed-b6b1234512b3
2021-09-08 03:48:44 DEBUG headers:265 - << x-amz-apigw-id: FVfVHHqfoAMFWXg=
2021-09-08 03:48:44 DEBUG headers:265 - << X-Amzn-Trace-Id: Root=1-613878ed-2bff4d804fab35f52467e4db;Sampled=0
2021-09-08 03:48:44 DEBUG DefaultHttpClient:509 - Connection can be kept alive indefinitely
2021-09-08 03:48:44 DEBUG RequestSpecificationImpl$RestAssuredHttpBuilder:544 - Parsing response as: application/json
2021-09-08 03:48:44 DEBUG RequestSpecificationImpl$RestAssuredHttpBuilder:547 - Parsed data to instance of: class org.apache.http.conn.EofSensorInputStream
2021-09-08 03:48:44 DEBUG wire:87 -  << "{"statusCode": 200, "body": "{\"name\": \"Luke Skywalker\", \"height\": \"172\", \"mass\": \"77\", \"hair_color\": \"blond\", \"skin_color\": \"fair\", \"eye_color\": \"blue\", \"birth_year\": \"19BBY\", \"gender\": \"male\", \"homeworld\": \"http://swapi.dev/api/planets/1/\", \"films\": [\"http://swapi.dev/api/films/1/\", \"http://swapi.dev/api/films/2/\", \"http://swapi.dev/api/films/3/\", \"http://swapi.dev/api/films/6/\"], \"species\": [], \"vehicles\": [\"http://swapi.dev/api/vehicles/14/\", \"http://swapi.dev/api/vehicles/30/\"], \"starships\": [\"http://swapi.dev/api/starships/12/\", \"http://swapi.dev/api/starships/22/\"], \"created\": \"2014-12-09T13:50:51.644000Z\", \"edited\": \"2014-12-20T21:17:56.891000Z\", \"url\": \"http://swapi.dev/api/people/1/\"}"}"
2021-09-08 03:48:44 DEBUG BasicClientConnectionManager:200 - Releasing connection org.apache.http.impl.conn.ManagedClientConnectionImpl@287f94b1
2021-09-08 03:48:44 DEBUG BasicClientConnectionManager:225 - Connection can be kept alive indefinitely
2021-09-08 03:48:44 INFO  GetToken:21 - Enpoint: /test/submit
2021-09-08 03:48:45 DEBUG BasicClientConnectionManager:161 - Get connection for route {s}->https://5x9m5ed0tj.execute-api.us-east-1.amazonaws.com:443
2021-09-08 03:48:45 DEBUG DefaultClientConnectionOperator:177 - Connecting to 5x9m5ed0tj.execute-api.us-east-1.amazonaws.com:443
2021-09-08 03:48:45 DEBUG RequestAddCookies:123 - CookieSpec selected: ignoreCookies
2021-09-08 03:48:45 DEBUG RequestAuthCache:77 - Auth cache not set in the context
2021-09-08 03:48:45 DEBUG RequestProxyAuthentication:89 - Proxy auth state: UNCHALLENGED
2021-09-08 03:48:45 DEBUG DefaultHttpClient:682 - Attempt 1 to execute request
2021-09-08 03:48:45 DEBUG DefaultClientConnection:274 - Sending request: POST /test/submit HTTP/1.1
2021-09-08 03:48:45 DEBUG wire:73 -  >> "POST /test/submit HTTP/1.1[\r][\n]"
2021-09-08 03:48:45 DEBUG wire:73 -  >> "Authorization: Bearer eyJraWQiOiJtNlhhM3FkczlxY2o2ODZYOVBRb0JqTEJSQU5yMzBPZ21ZQzdvdThZc1N3PSIsImFsZyI6IlJTMjU2In0.eyJzdWIiOiIxdTVpbzR2YTlzcjQ1bjc5ZmNlZzJkYW1qZiIsInRva2VuX3VzZSI6ImFjY2VzcyIsInNjb3BlIjoiaXphYW5fdGVzdFwvcG9zdF9pbmZvIiwiYXV0aF90aW1lIjoxNjMxMDkwOTI1LCJpc3MiOiJodHRwczpcL1wvY29nbml0by1pZHAudXMtZWFzdC0xLmFtYXpvbmF3cy5jb21cL3VzLWVhc3QtMV9ZN3k4cTVDMVoiLCJleHAiOjE2MzEwOTQ1MjUsImlhdCI6MTYzMTA5MDkyNSwidmVyc2lvbiI6MiwianRpIjoiYmNjZGUzYjYtOTVkYi00NzVkLWEzZDctMzBkYjcxMzFjNDNkIiwiY2xpZW50X2lkIjoiMXU1aW80dmE5c3I0NW43OWZjZWcyZGFtamYifQ.YCKq6yJd_b5NcbTsVz4nBD4FNGjVSbYVEyNWkbUFU9HKQgxHymiHRZtAwHhW_rE7mnIW4uDIyQHXNerSw_OXICNSwkpw4G_pOWvaczJ3886MERA6XhR3rEexUaQl7xteqGeqP4rOJr-3-YaIanmoRdExeSoh8rW_w4LKTvyXsy-GnlSi73BkiEOpzJGiw3I1I5BweNMeh4Iq_01bh9XZo9bKxOBnlQSq15ucOubDKPyvXZEvHLLBaS_V2-2_4nfEBTJqG0qNRminSSebCJUZVIP55nbmm1R603n98vSyo-9IyayDtbf4t41Icg0h9nmtETbBnBnE__yVa5-eICVOXg[\r][\n]"
2021-09-08 03:48:45 DEBUG wire:73 -  >> "Accept: */*[\r][\n]"
2021-09-08 03:48:45 DEBUG wire:73 -  >> "Content-Type: application/json; charset=UTF-8[\r][\n]"
2021-09-08 03:48:45 DEBUG wire:73 -  >> "Content-Length: 36[\r][\n]"
2021-09-08 03:48:45 DEBUG wire:73 -  >> "Host: 5x9m5ed0tj.execute-api.us-east-1.amazonaws.com[\r][\n]"
2021-09-08 03:48:45 DEBUG wire:73 -  >> "Connection: Keep-Alive[\r][\n]"
2021-09-08 03:48:45 DEBUG wire:73 -  >> "User-Agent: Apache-HttpClient/4.5.3 (Java/1.8.0_302)[\r][\n]"
2021-09-08 03:48:45 DEBUG wire:73 -  >> "Accept-Encoding: gzip,deflate[\r][\n]"
2021-09-08 03:48:45 DEBUG wire:73 -  >> "[\r][\n]"
2021-09-08 03:48:45 DEBUG headers:278 - >> POST /test/submit HTTP/1.1
2021-09-08 03:48:45 DEBUG headers:281 - >> Authorization: Bearer eyJraWQiOiJtNlhhM3FkczlxY2o2ODZYOVBRb0JqTEJSQU5yMzBPZ21ZQzdvdThZc1N3PSIsImFsZyI6IlJTMjU2In0.eyJzdWIiOiIxdTVpbzR2YTlzcjQ1bjc5ZmNlZzJkYW1qZiIsInRva2VuX3VzZSI6ImFjY2VzcyIsInNjb3BlIjoiaXphYW5fdGVzdFwvcG9zdF9pbmZvIiwiYXV0aF90aW1lIjoxNjMxMDkwOTI1LCJpc3MiOiJodHRwczpcL1wvY29nbml0by1pZHAudXMtZWFzdC0xLmFtYXpvbmF3cy5jb21cL3VzLWVhc3QtMV9ZN3k4cTVDMVoiLCJleHAiOjE2MzEwOTQ1MjUsImlhdCI6MTYzMTA5MDkyNSwidmVyc2lvbiI6MiwianRpIjoiYmNjZGUzYjYtOTVkYi00NzVkLWEzZDctMzBkYjcxMzFjNDNkIiwiY2xpZW50X2lkIjoiMXU1aW80dmE5c3I0NW43OWZjZWcyZGFtamYifQ.YCKq6yJd_b5NcbTsVz4nBD4FNGjVSbYVEyNWkbUFU9HKQgxHymiHRZtAwHhW_rE7mnIW4uDIyQHXNerSw_OXICNSwkpw4G_pOWvaczJ3886MERA6XhR3rEexUaQl7xteqGeqP4rOJr-3-YaIanmoRdExeSoh8rW_w4LKTvyXsy-GnlSi73BkiEOpzJGiw3I1I5BweNMeh4Iq_01bh9XZo9bKxOBnlQSq15ucOubDKPyvXZEvHLLBaS_V2-2_4nfEBTJqG0qNRminSSebCJUZVIP55nbmm1R603n98vSyo-9IyayDtbf4t41Icg0h9nmtETbBnBnE__yVa5-eICVOXg
2021-09-08 03:48:45 DEBUG headers:281 - >> Accept: */*
2021-09-08 03:48:45 DEBUG headers:281 - >> Content-Type: application/json; charset=UTF-8
2021-09-08 03:48:45 DEBUG headers:281 - >> Content-Length: 36
2021-09-08 03:48:45 DEBUG headers:281 - >> Host: 5x9m5ed0tj.execute-api.us-east-1.amazonaws.com
2021-09-08 03:48:45 DEBUG headers:281 - >> Connection: Keep-Alive
2021-09-08 03:48:45 DEBUG headers:281 - >> User-Agent: Apache-HttpClient/4.5.3 (Java/1.8.0_302)
2021-09-08 03:48:45 DEBUG headers:281 - >> Accept-Encoding: gzip,deflate
2021-09-08 03:48:45 DEBUG wire:73 -  >> "{[\n]"
2021-09-08 03:48:45 DEBUG wire:73 -  >> "  "name" : "John",[\n]"
2021-09-08 03:48:45 DEBUG wire:73 -  >> "  "age" : 60[\n]"
2021-09-08 03:48:45 DEBUG wire:73 -  >> "}[\n]"
2021-09-08 03:48:45 DEBUG wire:73 -  << "HTTP/1.1 200 OK[\r][\n]"
2021-09-08 03:48:45 DEBUG wire:73 -  << "Date: Wed, 08 Sep 2021 08:48:46 GMT[\r][\n]"
2021-09-08 03:48:45 DEBUG wire:73 -  << "Content-Type: application/json[\r][\n]"
2021-09-08 03:48:45 DEBUG wire:73 -  << "Content-Length: 31[\r][\n]"
2021-09-08 03:48:45 DEBUG wire:73 -  << "Connection: keep-alive[\r][\n]"
2021-09-08 03:48:45 DEBUG wire:73 -  << "x-amzn-RequestId: 375e8f00-ffc3-4543-82ef-68aaa55633bc[\r][\n]"
2021-09-08 03:48:45 DEBUG wire:73 -  << "x-amz-apigw-id: FVfVRF_RoAMFv9A=[\r][\n]"
2021-09-08 03:48:45 DEBUG wire:73 -  << "X-Amzn-Trace-Id: Root=1-613878ee-34eed6fa65b8a82d674a20ed;Sampled=0[\r][\n]"
2021-09-08 03:48:45 DEBUG wire:73 -  << "[\r][\n]"
2021-09-08 03:48:45 DEBUG DefaultClientConnection:259 - Receiving response: HTTP/1.1 200 OK
2021-09-08 03:48:45 DEBUG headers:262 - << HTTP/1.1 200 OK
2021-09-08 03:48:45 DEBUG headers:265 - << Date: Wed, 08 Sep 2021 08:48:46 GMT
2021-09-08 03:48:45 DEBUG headers:265 - << Content-Type: application/json
2021-09-08 03:48:45 DEBUG headers:265 - << Content-Length: 31
2021-09-08 03:48:45 DEBUG headers:265 - << Connection: keep-alive
2021-09-08 03:48:45 DEBUG headers:265 - << x-amzn-RequestId: 375e8f00-ffc3-4543-82ef-68aaa55633bc
2021-09-08 03:48:45 DEBUG headers:265 - << x-amz-apigw-id: FVfVRF_RoAMFv9A=
2021-09-08 03:48:45 DEBUG headers:265 - << X-Amzn-Trace-Id: Root=1-613878ee-34eed6fa65b8a82d674a20ed;Sampled=0
2021-09-08 03:48:45 DEBUG DefaultHttpClient:509 - Connection can be kept alive indefinitely
2021-09-08 03:48:45 DEBUG RequestSpecificationImpl$RestAssuredHttpBuilder:544 - Parsing response as: application/json
2021-09-08 03:48:45 DEBUG RequestSpecificationImpl$RestAssuredHttpBuilder:547 - Parsed data to instance of: class org.apache.http.conn.EofSensorInputStream
2021-09-08 03:48:45 DEBUG wire:87 -  << "{"message": "You are an Adult"}"
2021-09-08 03:48:45 DEBUG BasicClientConnectionManager:200 - Releasing connection org.apache.http.impl.conn.ManagedClientConnectionImpl@467f77a5
2021-09-08 03:48:45 DEBUG BasicClientConnectionManager:225 - Connection can be kept alive indefinitely
